"D:\CLion 2025.2.1\bin\cmake\win\x64\bin\cmake.exe" -DCMAKE_BUILD_TYPE=Debug -S "D:\gitnext\Chained Decos" -B "D:\gitnext\Chained Decos\cmake-build-debug"
-- Raylib 5.5 not found, fetching...
-- Configuring done (0.1s)
CMake Error:
  Running

   'C:/Users/olegg/AppData/Local/Microsoft/WinGet/Packages/Ninja-build.Ninja_Microsoft.Winget.Source_8wekyb3d8bbwe/ninja.exe' '-C' 'D:/gitnext/Chained Decos/.deps/raylib-subbuild' '-t' 'recompact'

  failed with:

   ninja: error: failed recompaction: Permission denied



CMake Error:
  Running

   'C:/Users/olegg/AppData/Local/Microsoft/WinGet/Packages/Ninja-build.Ninja_Microsoft.Winget.Source_8wekyb3d8bbwe/ninja.exe' '-C' 'D:/gitnext/Chained Decos/.deps/raylib-subbuild' '-t' 'restat' 'build.ninja' 'D:/gitnext/Chained Decos/.deps/raylib-subbuild/cmake_install.cmake'

  failed with:

   ninja: error: failed recompaction: Permission denied



-- Generating done (0.0s)
CMake Generate step failed.  Build files cannot be regenerated correctly.

CMake Error at D:/CLion 2025.2.1/bin/cmake/win/x64/share/cmake-4.0/Modules/FetchContent.cmake:1906 (message):
  CMake step for raylib failed: 1
Call Stack (most recent call first):
  D:/CLion 2025.2.1/bin/cmake/win/x64/share/cmake-4.0/Modules/FetchContent.cmake:1609 (__FetchContent_populateSubbuild)
  D:/CLion 2025.2.1/bin/cmake/win/x64/share/cmake-4.0/Modules/FetchContent.cmake:2145:EVAL:2 (__FetchContent_doPopulation)
  D:/CLion 2025.2.1/bin/cmake/win/x64/share/cmake-4.0/Modules/FetchContent.cmake:2145 (cmake_language)
  D:/CLion 2025.2.1/bin/cmake/win/x64/share/cmake-4.0/Modules/FetchContent.cmake:2384 (__FetchContent_Populate)
  CMakeLists.txt:37 (FetchContent_MakeAvailable)


-- Configuring incomplete, errors occurred!
