# Run command: C:/Program\ Files/CMake/bin/cmake.exe --build . --config "Debug" --target "preinstall"
# Directory: D:/gitnext/Chained Decos/build
# Output:
[ 23%] Built target glfw
[ 32%] Built target raylib
[ 42%] Built target imguilib
[ 44%] Built target color
[ 47%] Built target collision
[ 52%] Built target model
[ 54%] Built target world
[ 56%] Built target player
[ 59%] Built target engine
[ 61%] Built target input
[ 63%] Built target menu
[ 65%] Built target cameracontroller
[ 68%] Built target mapmod
[ 70%] Built target ChainedDecos
[ 72%] Built target gtest
[ 75%] Built target gmock
[ 77%] Built target gmock_main
[ 79%] Built target gtest_main
[ 80%] Building CXX object tests/CMakeFiles/unit_tests.dir/gtest.cpp.obj
D:/gitnext/Chained Decos/tests/gtest.cpp:394:5: error: unknown type name 'PositionData'
  394 |     PositionData data = player.GetPlayerData();
      |     ^
D:/gitnext/Chained Decos/tests/gtest.cpp:394:32: error: no member named 'GetPlayerData' in 'Player'
  394 |     PositionData data = player.GetPlayerData();
      |                         ~~~~~~ ^
D:/gitnext/Chained Decos/tests/gtest.cpp:412:28: error: no member named 'Jump' in 'Player'
  412 |     EXPECT_NO_THROW(player.Jump());
      |                     ~~~~~~ ^
D:/gitnext/Chained Decos/build/_deps/googletest-src/googletest/include\gtest/gtest.h:1768:24: note: expanded from macro 'EXPECT_NO_THROW'
 1768 |   GTEST_TEST_NO_THROW_(statement, GTEST_NONFATAL_FAILURE_)
      |                        ^~~~~~~~~
D:/gitnext/Chained Decos/build/_deps/googletest-src/googletest/include\gtest/internal/gtest-internal.h:1466:54: note: expanded from macro 'GTEST_TEST_NO_THROW_'
 1466 |       GTEST_SUPPRESS_UNREACHABLE_CODE_WARNING_BELOW_(statement);         \
      |                                                      ^~~~~~~~~
D:/gitnext/Chained Decos/build/_deps/googletest-src/googletest/include\gtest/internal/gtest-internal.h:1365:5: note: expanded from macro 'GTEST_SUPPRESS_UNREACHABLE_CODE_WARNING_BELOW_'
 1365 |     statement;                                                    \
      |     ^~~~~~~~~
D:/gitnext/Chained Decos/tests/gtest.cpp:419:28: error: no member named 'UpdatePositionHistory' in 'Player'
  419 |     EXPECT_NO_THROW(player.UpdatePositionHistory());
      |                     ~~~~~~ ^
D:/gitnext/Chained Decos/build/_deps/googletest-src/googletest/include\gtest/gtest.h:1768:24: note: expanded from macro 'EXPECT_NO_THROW'
 1768 |   GTEST_TEST_NO_THROW_(statement, GTEST_NONFATAL_FAILURE_)
      |                        ^~~~~~~~~
D:/gitnext/Chained Decos/build/_deps/googletest-src/googletest/include\gtest/internal/gtest-internal.h:1466:54: note: expanded from macro 'GTEST_TEST_NO_THROW_'
 1466 |       GTEST_SUPPRESS_UNREACHABLE_CODE_WARNING_BELOW_(statement);         \
      |                                                      ^~~~~~~~~
D:/gitnext/Chained Decos/build/_deps/googletest-src/googletest/include\gtest/internal/gtest-internal.h:1365:5: note: expanded from macro 'GTEST_SUPPRESS_UNREACHABLE_CODE_WARNING_BELOW_'
 1365 |     statement;                                                    \
      |     ^~~~~~~~~
D:/gitnext/Chained Decos/tests/gtest.cpp:484:74: error: too few arguments to function call, expected 4, have 3
  484 |     EXPECT_NO_THROW(models.AddInstance(instanceJson, testModel, modelName));
      |                     ~~~~~~~~~~~~~~~~~~                                   ^
D:/gitnext/Chained Decos/build/_deps/googletest-src/googletest/include\gtest/gtest.h:1768:24: note: expanded from macro 'EXPECT_NO_THROW'
 1768 |   GTEST_TEST_NO_THROW_(statement, GTEST_NONFATAL_FAILURE_)
      |                        ^~~~~~~~~
D:/gitnext/Chained Decos/build/_deps/googletest-src/googletest/include\gtest/internal/gtest-internal.h:1466:54: note: expanded from macro 'GTEST_TEST_NO_THROW_'
 1466 |       GTEST_SUPPRESS_UNREACHABLE_CODE_WARNING_BELOW_(statement);         \
      |                                                      ^~~~~~~~~
D:/gitnext/Chained Decos/build/_deps/googletest-src/googletest/include\gtest/internal/gtest-internal.h:1365:5: note: expanded from macro 'GTEST_SUPPRESS_UNREACHABLE_CODE_WARNING_BELOW_'
 1365 |     statement;                                                    \
      |     ^~~~~~~~~
D:/gitnext/Chained Decos/src\Model/Model.h:58:10: note: 'AddInstance' declared here
   58 |     void AddInstance(const json &instanceJson, Model *modelPtr, const std::string &modelName,
      |          ^           ~~~~~~~~~~~~~~~~~~~~~~~~~~~~~~~~~~~~~~~~~~~~~~~~~~~~~~~~~~~~~~~~~~~~~~~~
   59 |                      Animation *animation);
      |                      ~~~~~~~~~~~~~~~~~~~~
5 errors generated.
make[2]: *** [tests/CMakeFiles/unit_tests.dir/build.make:77: tests/CMakeFiles/unit_tests.dir/gtest.cpp.obj] Error 1
make[1]: *** [CMakeFiles/Makefile2:991: tests/CMakeFiles/unit_tests.dir/all] Error 2
make: *** [Makefile:156: all] Error 2

